This is LuaTeX, Version 1.11.2 (MiKTeX 2.9.7250 NEXT 64-bit)  (format=lualatex 2020.1.14)  15 JAN 2020 16:04
 restricted system commands enabled.
**Calculus.tex
(./Calculus.tex
LaTeX2e <2019-10-01> patch level 3
Lua module: luaotfload-main 2019-11-10 3.11 luaotfload entry point
Lua module: luaotfload-init 2019-11-10 3.11 luaotfload submodule / initializatio
n
Lua module: lualibs 2019-11-06 2.69 ConTeXt Lua standard libraries.
Lua module: lualibs-extended 2019-11-06 2.69 ConTeXt Lua libraries -- extended c
ollection.
Lua module: luaotfload-log 2019-11-10 3.11 luaotfload submodule / logging
Lua module: luaotfload-parsers 2019-11-10 3.11 luaotfload submodule / filelist
Lua module: luaotfload-configuration 2019-11-10 3.11 luaotfload submodule / conf
ig file reader
luaotfload | conf : Root cache directory is C:/Users/Jarl/AppData/Local/MiKTeX/2
.9/luatex-cache/generic/names.
luaotfload | init : Loading fontloader “fontloader-2019-10-29.lua” from kpse
-resolved path “C:/Users/Jarl/AppData/Local/Programs/MiKTeX 2.9/tex/luatex/lua
otfload/fontloader-2019-10-29.lua”.
Lua-only attribute luaotfload@state = 2
Lua-only attribute luaotfload@noligature = 3
Lua-only attribute luaotfload@syllabe = 4
luaotfload | init : Context OpenType loader version “3.11”
Inserting `luaotfload.node_processor' at position 1 in `pre_linebreak_filter'.
Inserting `luaotfload.node_processor' at position 1 in `hpack_filter'.
Lua module: luaotfload-loaders 2019-11-10 3.11 luaotfload submodule / callback h
andling
Inserting `luaotfload.define_font' at position 1 in `define_font'.
Lua module: luaotfload-database 2019-11-10 3.11 luaotfload submodule / database
Lua module: luaotfload-unicode 2019-11-10 3.11 luaotfload submodule / Unicode he
lpers
Lua module: luaotfload-colors 2019-11-10 3.11 luaotfload submodule / color
Lua-only attribute luaotfload_color_attribute = 5
Lua module: luaotfload-resolvers 2019-11-10 3.11 luaotfload submodule / resolver
s
luaotfload | conf : Root cache directory is C:/Users/Jarl/AppData/Local/MiKTeX/2
.9/luatex-cache/generic/names.
Lua module: luaotfload-features 2019-11-10 3.11 luaotfload submodule / features
Lua module: luaotfload-letterspace 2019-11-10 3.11 luaotfload submodule / color
Lua module: luaotfload-embolden 2019-11-10 3.11 luaotfload submodule / color
Lua module: luaotfload-notdef 2019-11-10 3.11 luaotfload submodule / color
Lua module: luaotfload-auxiliary 2019-11-10 3.11 luaotfload submodule / auxiliar
y functions
Inserting `luaotfload.aux.set_sscale_dimens' at position 1 in `luaotfload.patch_
font'.
Inserting `luaotfload.aux.set_font_index' at position 2 in `luaotfload.patch_fon
t'.
Inserting `luaotfload.aux.patch_cambria_domh' at position 3 in `luaotfload.patch
_font'.
Inserting `luaotfload.aux.fixup_fontdata' at position 1 in `luaotfload.patch_fon
t_unsafe'.
Inserting `luaotfload.aux.set_capheight' at position 4 in `luaotfload.patch_font
'.
Inserting `luaotfload.aux.set_xheight' at position 5 in `luaotfload.patch_font'.
Lua module: luaotfload-multiscript 2019-11-10 3.11 luaotfload submodule / multis
cript
Lua module: luaotfload-tounicode 2019-11-10 3.11 luaotfload submodule / tounicod
e
Inserting `luaotfload.rewrite_fontname' at position 6 in `luaotfload.patch_font'
.
luaotfload | main : initialization completed in 4.659 seconds
("C:/Users/Jarl/AppData/Local/Programs/MiKTeX 2.9/tex/latex/base/article.cls"
Document Class: article 2019/10/25 v1.4k Standard LaTeX document class
("C:/Users/Jarl/AppData/Local/Programs/MiKTeX 2.9/tex/latex/base/size11.clo"
File: size11.clo 2019/10/25 v1.4k Standard LaTeX file (size option)
luaotfload | db : Font names database loaded from C:/Users/Jarl/AppData/Local/Mi
KTeX/2.9/luatex-cache/generic/names/luaotfload-names.luc)
\c@part=\count80
\c@section=\count81
\c@subsection=\count82
\c@subsubsection=\count83
\c@paragraph=\count84
\c@subparagraph=\count85
\c@figure=\count86
\c@table=\count87
\abovecaptionskip=\skip41
\belowcaptionskip=\skip42
\bibindent=\dimen102
)
(./structure.tex
("C:/Users/Jarl/AppData/Local/Programs/MiKTeX 2.9/tex/latex/polyglossia/polyglo
ssia.sty"
Package: polyglossia 2019/11/15 v1.46 Alternative to Babel for XeLaTeX and LuaLa
TeX

("C:/Users/Jarl/AppData/Local/Programs/MiKTeX 2.9/tex/latex/etoolbox/etoolbox.s
ty"
Package: etoolbox 2019/09/21 v2.5h e-TeX tools for LaTeX (JAW)
\etb@tempcnta=\count88
)
("C:/Users/Jarl/AppData/Local/Programs/MiKTeX 2.9/tex/latex/makecmds/makecmds.s
ty"
Package: makecmds 2009/09/03 v1.0a extra command making commands
)
("C:/Users/Jarl/AppData/Local/Programs/MiKTeX 2.9/tex/latex/xkeyval/xkeyval.sty
"
Package: xkeyval 2014/12/03 v2.7a package option processing (HA)

("C:/Users/Jarl/AppData/Local/Programs/MiKTeX 2.9/tex/generic/xkeyval/xkeyval.t
ex"
("C:/Users/Jarl/AppData/Local/Programs/MiKTeX 2.9/tex/generic/xkeyval/xkvutils.
tex"
\XKV@toks=\toks14
\XKV@tempa@toks=\toks15

("C:/Users/Jarl/AppData/Local/Programs/MiKTeX 2.9/tex/generic/xkeyval/keyval.te
x"))
\XKV@depth=\count89
File: xkeyval.tex 2014/12/03 v2.7a key=value parser (HA)
))
("C:/Users/Jarl/AppData/Local/Programs/MiKTeX 2.9/tex/latex/fontspec/fontspec.s
ty"
("C:/Users/Jarl/AppData/Local/Programs/MiKTeX 2.9/tex/latex/l3packages/xparse/x
parse.sty"
("C:/Users/Jarl/AppData/Local/Programs/MiKTeX 2.9/tex/latex/l3kernel/expl3.sty"
Package: expl3 2019-11-07 L3 programming layer (loader) 

("C:/Users/Jarl/AppData/Local/Programs/MiKTeX 2.9/tex/latex/l3kernel/expl3-code
.tex"
Package: expl3 2019-11-07 L3 programming layer (code)
\c_max_int=\count90
\l_tmpa_int=\count91
\l_tmpb_int=\count92
\g_tmpa_int=\count93
\g_tmpb_int=\count94
\l__seq_internal_a_int=\count95
\l__seq_internal_b_int=\count96
\g__kernel_prg_map_int=\count97
\c__ior_term_noprompt_ior=\count98
\c_log_iow=\count99
\l_iow_line_count_int=\count100
\l__iow_line_target_int=\count101
\l__iow_one_indent_int=\count102
\l__iow_indent_int=\count103
\c_zero_dim=\dimen103
\c_max_dim=\dimen104
\l_tmpa_dim=\dimen105
\l_tmpb_dim=\dimen106
\g_tmpa_dim=\dimen107
\g_tmpb_dim=\dimen108
\c_zero_skip=\skip43
\c_max_skip=\skip44
\l_tmpa_skip=\skip45
\l_tmpb_skip=\skip46
\g_tmpa_skip=\skip47
\g_tmpb_skip=\skip48
\c_zero_muskip=\muskip10
\c_max_muskip=\muskip11
\l_tmpa_muskip=\muskip12
\l_tmpb_muskip=\muskip13
\g_tmpa_muskip=\muskip14
\g_tmpb_muskip=\muskip15
\l_keys_choice_int=\count104
\l__intarray_loop_int=\count105
\c__intarray_sp_dim=\dimen109
\g__intarray_font_int=\count106
\c__fp_leading_shift_int=\count107
\c__fp_middle_shift_int=\count108
\c__fp_trailing_shift_int=\count109
\c__fp_big_leading_shift_int=\count110
\c__fp_big_middle_shift_int=\count111
\c__fp_big_trailing_shift_int=\count112
\c__fp_Bigg_leading_shift_int=\count113
\c__fp_Bigg_middle_shift_int=\count114
\c__fp_Bigg_trailing_shift_int=\count115
\g__fp_array_int=\count116
\l__fp_array_loop_int=\count117
\l__sort_length_int=\count118
\l__sort_min_int=\count119
\l__sort_top_int=\count120
\l__sort_max_int=\count121
\l__sort_true_max_int=\count122
\l__sort_block_int=\count123
\l__sort_begin_int=\count124
\l__sort_end_int=\count125
\l__sort_A_int=\count126
\l__sort_B_int=\count127
\l__sort_C_int=\count128
\l__str_internal_int=\count129
\l__tl_analysis_normal_int=\count130
\l__tl_analysis_index_int=\count131
\l__tl_analysis_nesting_int=\count132
\l__tl_analysis_type_int=\count133
\l__regex_internal_a_int=\count134
\l__regex_internal_b_int=\count135
\l__regex_internal_c_int=\count136
\l__regex_balance_int=\count137
\l__regex_group_level_int=\count138
\l__regex_mode_int=\count139
\c__regex_cs_in_class_mode_int=\count140
\c__regex_cs_mode_int=\count141
\l__regex_catcodes_int=\count142
\l__regex_default_catcodes_int=\count143
\c__regex_catcode_L_int=\count144
\c__regex_catcode_O_int=\count145
\c__regex_catcode_A_int=\count146
\c__regex_all_catcodes_int=\count147
\l__regex_show_lines_int=\count148
\l__regex_min_state_int=\count149
\l__regex_max_state_int=\count150
\l__regex_left_state_int=\count151
\l__regex_right_state_int=\count152
\l__regex_capturing_group_int=\count153
\l__regex_min_pos_int=\count154
\l__regex_max_pos_int=\count155
\l__regex_curr_pos_int=\count156
\l__regex_start_pos_int=\count157
\l__regex_success_pos_int=\count158
\l__regex_curr_char_int=\count159
\l__regex_curr_catcode_int=\count160
\l__regex_last_char_int=\count161
\l__regex_case_changed_char_int=\count162
\l__regex_curr_state_int=\count163
\l__regex_step_int=\count164
\l__regex_min_active_int=\count165
\l__regex_max_active_int=\count166
\l__regex_replacement_csnames_int=\count167
\l__regex_match_count_int=\count168
\l__regex_min_submatch_int=\count169
\l__regex_submatch_int=\count170
\l__regex_zeroth_submatch_int=\count171
\g__regex_trace_regex_int=\count172
\c_empty_box=\box27
\l_tmpa_box=\box28
\l_tmpb_box=\box29
\g_tmpa_box=\box30
\g_tmpb_box=\box31
\l__box_top_dim=\dimen110
\l__box_bottom_dim=\dimen111
\l__box_left_dim=\dimen112
\l__box_right_dim=\dimen113
\l__box_top_new_dim=\dimen114
\l__box_bottom_new_dim=\dimen115
\l__box_left_new_dim=\dimen116
\l__box_right_new_dim=\dimen117
\l__box_internal_box=\box32
\l__coffin_internal_box=\box33
\l__coffin_internal_dim=\dimen118
\l__coffin_offset_x_dim=\dimen119
\l__coffin_offset_y_dim=\dimen120
\l__coffin_x_dim=\dimen121
\l__coffin_y_dim=\dimen122
\l__coffin_x_prime_dim=\dimen123
\l__coffin_y_prime_dim=\dimen124
\c_empty_coffin=\box34
\l__coffin_aligned_coffin=\box35
\l__coffin_aligned_internal_coffin=\box36
\l_tmpa_coffin=\box37
\l_tmpb_coffin=\box38
\g_tmpa_coffin=\box39
\g_tmpb_coffin=\box40
\l__coffin_bounding_shift_dim=\dimen125
\l__coffin_left_corner_dim=\dimen126
\l__coffin_right_corner_dim=\dimen127
\l__coffin_bottom_corner_dim=\dimen128
\l__coffin_top_corner_dim=\dimen129
\l__coffin_scaled_total_height_dim=\dimen130
\l__coffin_scaled_width_dim=\dimen131
\c__coffin_empty_coffin=\box41
\l__coffin_display_coffin=\box42
\l__coffin_display_coord_coffin=\box43
\l__coffin_display_pole_coffin=\box44
\l__coffin_display_offset_dim=\dimen132
\l__coffin_display_x_dim=\dimen133
\l__coffin_display_y_dim=\dimen134
\g__char_data_ior=\read1

("C:/Users/Jarl/AppData/Local/Programs/MiKTeX 2.9/tex/latex/l3kernel/l3deprecat
ion.def"
File: l3deprecation.def 2019-04-06 v L3 Deprecated functions
))
("C:/Users/Jarl/AppData/Local/Programs/MiKTeX 2.9/tex/latex/l3backend/l3backend
-pdfmode.def"
File: l3backend-pdfmode.def 2019-04-06 L3 backend support: PDF mode
\l__kernel_color_stack_int=\count173
\l__pdf_internal_box=\box45
))
Package: xparse 2019-10-11 L3 Experimental document command parser
\l__xparse_current_arg_int=\count174
\g__xparse_grabber_int=\count175
\l__xparse_m_args_int=\count176
\l__xparse_v_nesting_int=\count177
)
Package: fontspec 2020/01/09 v2.7e Font selection for XeLaTeX and LuaLaTeX
Lua module: fontspec 2020/01/09 2.7e Font selection for XeLaTeX and LuaLaTeX
("C:/Users/Jarl/AppData/Local/Programs/MiKTeX 2.9/tex/latex/fontspec/fontspec-l
uatex.sty"
Package: fontspec-luatex 2020/01/09 v2.7e Font selection for XeLaTeX and LuaLaTe
X
\l__fontspec_script_int=\count178
\l__fontspec_language_int=\count179
\l__fontspec_strnum_int=\count180
\l__fontspec_tmp_int=\count181
\l__fontspec_tmpa_int=\count182
\l__fontspec_tmpb_int=\count183
\l__fontspec_tmpc_int=\count184
\l__fontspec_em_int=\count185
\l__fontspec_emdef_int=\count186
\l__fontspec_strong_int=\count187
\l__fontspec_strongdef_int=\count188
\l__fontspec_tmpa_dim=\dimen135
\l__fontspec_tmpb_dim=\dimen136
\l__fontspec_tmpc_dim=\dimen137

("C:/Users/Jarl/AppData/Local/Programs/MiKTeX 2.9/tex/latex/base/fontenc.sty"
Package: fontenc 2018/08/11 v2.0j Standard LaTeX package

("C:/Users/Jarl/AppData/Local/Programs/MiKTeX 2.9/tex/latex/base/tuenc.def"
File: tuenc.def 2018/08/11 v2.0j Standard LaTeX file
LaTeX Font Info:    Redeclaring font encoding TU on input line 82.
))
("C:/Users/Jarl/AppData/Local/Programs/MiKTeX 2.9/tex/latex/fontspec/fontspec.c
fg")
LaTeX Info: Redefining \itshape on input line 3858.
LaTeX Info: Redefining \slshape on input line 3858.
LaTeX Info: Redefining \scshape on input line 3858.
LaTeX Info: Redefining \upshape on input line 3858.
LaTeX Info: Redefining \em on input line 3858.
LaTeX Info: Redefining \emph on input line 3858.
))
("C:/Users/Jarl/AppData/Local/Programs/MiKTeX 2.9/tex/generic/iftex/ifluatex.st
y"
Package: ifluatex 2019/10/25 v1.5 ifluatex legacy package. Use iftex instead.
 ("C:/Users/Jarl/AppData/Local/Programs/MiKTeX 2.9/tex/generic/iftex/iftex.sty"
Package: iftex 2019/11/07 v1.0c TeX engine tests
))
("C:/Users/Jarl/AppData/Local/Programs/MiKTeX 2.9/tex/generic/iftex/ifxetex.sty
"
Package: ifxetex 2019/10/25 v0.7 ifxetex legacy package. Use iftex instead.
)
("C:/Users/Jarl/AppData/Local/Programs/MiKTeX 2.9/tex/latex/l3packages/l3keys2e
/l3keys2e.sty"
Package: l3keys2e 2019-10-11 LaTeX2e option processing using LaTeX3 keys
)
("C:/Users/Jarl/AppData/Local/Programs/MiKTeX 2.9/tex/latex/filehook/filehook.s
ty"
Package: filehook 2019/10/03 v0.6 Hooks for input files
)
("C:/Users/Jarl/AppData/Local/Programs/MiKTeX 2.9/tex/luatex/luatexbase/luatexb
ase.sty"
Package: luatexbase 2015/10/04 v1.3 luatexbase interface to LuaTeX 

("C:/Users/Jarl/AppData/Local/Programs/MiKTeX 2.9/tex/luatex/ctablestack/ctable
stack.sty"
Package: ctablestack 2015/10/01 v1.0 Catcode table stable support
\@catcodetablestackcnt=\count189
)
\CatcodeTableOther=\catcodetable5
\CatcodeTableExpl=\catcodetable6
)
Lua module: polyglossia 2013/05/11 1.3 Polyglossia
("C:/Users/Jarl/AppData/Local/Programs/MiKTeX 2.9/tex/latex/polyglossia/gloss-l
atex.ldf"
File: gloss-latex.ldf polyglossia: module for default language
The property list \polyglossia@langsetup contains the pairs (without outer
braces):
>  {latex/script}  =>  {latin}
>  {latex/lcscript}  =>  {latin}
>  {latex/scripttag}  =>  {}
>  {latex/language}  =>  {Latex}
>  {latex/langtag}  =>  {ENG}
>  {latex/hyphennames}  =>  {english}
>  {latex/direction}  =>  {LR}
>  {latex/hyphenmins}  =>  {2,3}
>  {latex/frenchspacing}  =>  {false}
>  {latex/indentfirst}  =>  {false}
>  {latex/fontsetup}  =>  {true}
>  {latex/envname}  =>  {latex}
>  {latex/babelname}  =>  {latex}
>  {latex/localnumeral}  =>  {polyglossia@C@localnumeral}
>  {latex/Localnumeral}  =>  {polyglossia@C@localnumeral}.
)
Package polyglossia Info: Default language is latex.
Package polyglossia Info: Option: localmarks.
)
("C:/Users/Jarl/AppData/Local/Programs/MiKTeX 2.9/tex/latex/polyglossia/gloss-e
stonian.ldf"
File: gloss-estonian.ldf polyglossia: module for estonian
The property list \polyglossia@langsetup contains the pairs (without outer
braces):
>  {latex/script}  =>  {latin}
>  {latex/lcscript}  =>  {latin}
>  {latex/scripttag}  =>  {}
>  {latex/language}  =>  {Latex}
>  {latex/langtag}  =>  {ENG}
>  {latex/hyphennames}  =>  {english}
>  {latex/direction}  =>  {LR}
>  {latex/hyphenmins}  =>  {2,3}
>  {latex/frenchspacing}  =>  {false}
>  {latex/indentfirst}  =>  {false}
>  {latex/fontsetup}  =>  {true}
>  {latex/envname}  =>  {latex}
>  {latex/babelname}  =>  {latex}
>  {latex/localnumeral}  =>  {polyglossia@C@localnumeral}
>  {latex/Localnumeral}  =>  {polyglossia@C@localnumeral}
>  {estonian/script}  =>  {latin}
>  {estonian/lcscript}  =>  {latin}
>  {estonian/scripttag}  =>  {}
>  {estonian/language}  =>  {Estonian}
>  {estonian/langtag}  =>  {ETI}
>  {estonian/hyphennames}  =>  {estonian}
>  {estonian/direction}  =>  {LR}
>  {estonian/hyphenmins}  =>  {2,2}
>  {estonian/frenchspacing}  =>  {true}
>  {estonian/indentfirst}  =>  {false}
>  {estonian/fontsetup}  =>  {true}
>  {estonian/envname}  =>  {estonian}
>  {estonian/babelname}  =>  {estonian}
>  {estonian/localnumeral}  =>  {polyglossia@C@localnumeral}
>  {estonian/Localnumeral}  =>  {polyglossia@C@localnumeral}.
Module polyglossia Info: Language data for estonian
(polyglossia)            righthyphenmin	3
(polyglossia)            patterns	hyph-et.pat.txt
(polyglossia)            hyphenation	
(polyglossia)            synonyms	
(polyglossia)            lefthyphenmin	2
(polyglossia)            loader	loadhyph-et.tex on input line 8
Module polyglossia Info: Language estonian was not yet loaded; created with id 2
 on input line 8
)
Package polyglossia Info: Default language is estonian.

("C:/Users/Jarl/AppData/Local/Programs/MiKTeX 2.9/tex/latex/geometry/geometry.s
ty"
Package: geometry 2020/01/02 v5.9 Page Geometry

("C:/Users/Jarl/AppData/Local/Programs/MiKTeX 2.9/tex/generic/iftex/ifvtex.sty"
Package: ifvtex 2019/10/25 v1.7 ifvtex legacy package. Use iftex instead.
)
\Gm@cnth=\count190
\Gm@cntv=\count191
\c@Gm@tempcnt=\count192
\Gm@bindingoffset=\dimen138
\Gm@wd@mp=\dimen139
\Gm@odd@mp=\dimen140
\Gm@even@mp=\dimen141
\Gm@layoutwidth=\dimen142
\Gm@layoutheight=\dimen143
\Gm@layouthoffset=\dimen144
\Gm@layoutvoffset=\dimen145
\Gm@dimlist=\toks16

("C:/Users/Jarl/AppData/Local/Programs/MiKTeX 2.9/tex/latex/geometry/geometry.c
fg"))
("C:/Users/Jarl/AppData/Local/Programs/MiKTeX 2.9/tex/latex/graphics/graphicx.s
ty"
Package: graphicx 2017/06/01 v1.1a Enhanced LaTeX Graphics (DPC,SPQR)

("C:/Users/Jarl/AppData/Local/Programs/MiKTeX 2.9/tex/latex/graphics/graphics.s
ty"
Package: graphics 2019/11/01 v1.3d Standard LaTeX Graphics (DPC,SPQR)

("C:/Users/Jarl/AppData/Local/Programs/MiKTeX 2.9/tex/latex/graphics/trig.sty"
Package: trig 2016/01/03 v1.10 sin cos tan (DPC)
)
("C:/Users/Jarl/AppData/Local/Programs/MiKTeX 2.9/tex/latex/graphics-cfg/graphi
cs.cfg"
File: graphics.cfg 2016/06/04 v1.11 sample graphics configuration
)
Package graphics Info: Driver file: luatex.def on input line 105.

("C:/Users/Jarl/AppData/Local/Programs/MiKTeX 2.9/tex/latex/graphics-def/luatex
.def"
File: luatex.def 2018/01/08 v1.0l Graphics/color driver for luatex
))
\Gin@req@height=\dimen146
\Gin@req@width=\dimen147
)
("C:/Users/Jarl/AppData/Local/Programs/MiKTeX 2.9/tex/latex/csquotes/csquotes.s
ty"
Package: csquotes 2019-12-06 v5.2j context-sensitive quotations (JAW)
\csq@reset=\count193
\csq@gtype=\count194
\csq@glevel=\count195
\csq@qlevel=\count196
\csq@maxlvl=\count197
\csq@tshold=\count198
\csq@ltx@everypar=\toks17

("C:/Users/Jarl/AppData/Local/Programs/MiKTeX 2.9/tex/latex/csquotes/csquotes.d
ef"
File: csquotes.def 2019-12-06 v5.2j csquotes generic definitions (JAW)
)
Package csquotes Info: Trying to load configuration file 'csquotes.cfg'...
Package csquotes Info: ... configuration file loaded successfully.

("C:/Users/Jarl/AppData/Local/Programs/MiKTeX 2.9/tex/latex/csquotes/csquotes.c
fg"
File: csquotes.cfg 
))
("C:/Users/Jarl/AppData/Local/Programs/MiKTeX 2.9/tex/latex/enumitem/enumitem.s
ty"
Package: enumitem 2019/06/20 v3.9 Customized lists
\enitkv@toks@=\toks18
\labelindent=\skip49
\enit@outerparindent=\dimen148
\enit@toks=\toks19
\enit@inbox=\box46
\enit@count@id=\count199
\enitdp@description=\count266
)
("C:/Users/Jarl/AppData/Local/Programs/MiKTeX 2.9/tex/latex/titlesec/titlesec.s
ty"
Package: titlesec 2019/10/16 v2.13 Sectioning titles
\ttl@box=\box47
\beforetitleunit=\skip50
\aftertitleunit=\skip51
\ttl@plus=\dimen149
\ttl@minus=\dimen150
\ttl@toksa=\toks20
\titlewidth=\dimen151
\titlewidthlast=\dimen152
\titlewidthfirst=\dimen153
)
("C:/Users/Jarl/AppData/Local/Programs/MiKTeX 2.9/tex/latex/siunitx/siunitx.sty
"
Package: siunitx 2019/10/10 v2.7t A comprehensive (SI) units package

("C:/Users/Jarl/AppData/Local/Programs/MiKTeX 2.9/tex/latex/amsmath/amstext.sty
"
Package: amstext 2000/06/29 v2.01 AMS text
 ("C:/Users/Jarl/AppData/Local/Programs/MiKTeX 2.9/tex/latex/amsmath/amsgen.sty
"
File: amsgen.sty 1999/11/30 v2.0 generic functions
\@emptytoks=\toks21
\ex@=\dimen154
)) ("C:/Users/Jarl/AppData/Local/Programs/MiKTeX 2.9/tex/latex/tools/array.sty"
Package: array 2019/08/31 v2.4l Tabular extension package (FMi)
\col@sep=\dimen155
\ar@mcellbox=\box48
\extrarowheight=\dimen156
\NC@list=\toks22
\extratabsurround=\skip52
\backup@length=\skip53
\ar@cellbox=\box49
)
\l__siunitx_tmp_box=\box50
\l__siunitx_tmp_dim=\dimen157
\l__siunitx_tmp_int=\count267
\l__siunitx_number_mantissa_length_int=\count268
\l__siunitx_number_uncert_length_int=\count269
\l__siunitx_round_int=\count270
\l__siunitx_process_decimal_int=\count271
\l__siunitx_process_uncertainty_int=\count272
\l__siunitx_process_fixed_int=\count273
\l__siunitx_process_integer_min_int=\count274
\l__siunitx_process_precision_int=\count275
\l__siunitx_group_min_int=\count276
\l__siunitx_angle_marker_box=\box51
\l__siunitx_angle_unit_box=\box52
\l__siunitx_angle_marker_dim=\dimen158
\l__siunitx_angle_unit_dim=\dimen159
\l__siunitx_unit_int=\count277
\l__siunitx_unit_denominator_int=\count278
\l__siunitx_unit_numerator_int=\count279
\l__siunitx_unit_prefix_int=\count280
\l__siunitx_unit_prefix_base_int=\count281
\l__siunitx_unit_prefix_gram_int=\count282
\l__siunitx_number_product_int=\count283
\c__siunitx_one_fill_skip=\skip54
\l__siunitx_table_unit_align_skip=\skip55
\l__siunitx_table_exponent_dim=\dimen160
\l__siunitx_table_integer_dim=\dimen161
\l__siunitx_table_mantissa_dim=\dimen162
\l__siunitx_table_marker_dim=\dimen163
\l__siunitx_table_result_dim=\dimen164
\l__siunitx_table_uncert_dim=\dimen165
\l__siunitx_table_fill_pre_dim=\dimen166
\l__siunitx_table_fill_post_dim=\dimen167
\l__siunitx_table_fill_mid_dim=\dimen168
\l__siunitx_table_pre_box=\box53
\l__siunitx_table_post_box=\box54
\l__siunitx_table_mantissa_box=\box55
\l__siunitx_table_result_box=\box56
\l__siunitx_table_number_align_skip=\skip56
\l__siunitx_table_text_align_skip=\skip57

("C:/Users/Jarl/AppData/Local/Programs/MiKTeX 2.9/tex/latex/translator/translat
or.sty"
Package: translator 2019-05-31 v1.12a Easy translation of strings in LaTeX
))
("C:/Users/Jarl/AppData/Local/Programs/MiKTeX 2.9/tex/latex/pgf/frontendlayer/t
ikz.sty"
("C:/Users/Jarl/AppData/Local/Programs/MiKTeX 2.9/tex/latex/pgf/basiclayer/pgf.
sty"
("C:/Users/Jarl/AppData/Local/Programs/MiKTeX 2.9/tex/latex/pgf/utilities/pgfrc
s.sty"
("C:/Users/Jarl/AppData/Local/Programs/MiKTeX 2.9/tex/generic/pgf/utilities/pgf
util-common.tex"
\pgfutil@everybye=\toks23
\pgfutil@tempdima=\dimen169
\pgfutil@tempdimb=\dimen170

("C:/Users/Jarl/AppData/Local/Programs/MiKTeX 2.9/tex/generic/pgf/utilities/pgf
util-common-lists.tex"))
("C:/Users/Jarl/AppData/Local/Programs/MiKTeX 2.9/tex/generic/pgf/utilities/pgf
util-latex.def"
\pgfutil@abb=\box57

("C:/Users/Jarl/AppData/Local/Programs/MiKTeX 2.9/tex/latex/ms/everyshi.sty"
Package: everyshi 2001/05/15 v3.00 EveryShipout Package (MS)
))
("C:/Users/Jarl/AppData/Local/Programs/MiKTeX 2.9/tex/generic/pgf/utilities/pgf
rcs.code.tex"
("C:/Users/Jarl/AppData/Local/Programs/MiKTeX 2.9/tex/generic/pgf/pgf.revision.
tex")
Package: pgfrcs 2020/01/08 v3.1.5b (3.1.5b)
))
Package: pgf 2020/01/08 v3.1.5b (3.1.5b)

("C:/Users/Jarl/AppData/Local/Programs/MiKTeX 2.9/tex/latex/pgf/basiclayer/pgfc
ore.sty"
("C:/Users/Jarl/AppData/Local/Programs/MiKTeX 2.9/tex/latex/pgf/systemlayer/pgf
sys.sty"
("C:/Users/Jarl/AppData/Local/Programs/MiKTeX 2.9/tex/generic/pgf/systemlayer/p
gfsys.code.tex"
Package: pgfsys 2020/01/08 v3.1.5b (3.1.5b)

("C:/Users/Jarl/AppData/Local/Programs/MiKTeX 2.9/tex/generic/pgf/utilities/pgf
keys.code.tex"
\pgfkeys@pathtoks=\toks24
\pgfkeys@temptoks=\toks25

("C:/Users/Jarl/AppData/Local/Programs/MiKTeX 2.9/tex/generic/pgf/utilities/pgf
keysfiltered.code.tex"
\pgfkeys@tmptoks=\toks26
))
\pgf@x=\dimen171
\pgf@y=\dimen172
\pgf@xa=\dimen173
\pgf@ya=\dimen174
\pgf@xb=\dimen175
\pgf@yb=\dimen176
\pgf@xc=\dimen177
\pgf@yc=\dimen178
\pgf@xd=\dimen179
\pgf@yd=\dimen180
\w@pgf@writea=\write3
\r@pgf@reada=\read2
\c@pgf@counta=\count284
\c@pgf@countb=\count285
\c@pgf@countc=\count286
\c@pgf@countd=\count287
\t@pgf@toka=\toks27
\t@pgf@tokb=\toks28
\t@pgf@tokc=\toks29
\pgf@sys@id@count=\count288

("C:/Users/Jarl/AppData/Local/Programs/MiKTeX 2.9/tex/generic/pgf/systemlayer/p
gf.cfg"
File: pgf.cfg 2020/01/08 v3.1.5b (3.1.5b)
)
Driver file for pgf: pgfsys-luatex.def

("C:/Users/Jarl/AppData/Local/Programs/MiKTeX 2.9/tex/generic/pgf/systemlayer/p
gfsys-luatex.def"
File: pgfsys-luatex.def 2020/01/08 v3.1.5b (3.1.5b)

("C:/Users/Jarl/AppData/Local/Programs/MiKTeX 2.9/tex/generic/pgf/systemlayer/p
gfsys-common-pdf.def"
File: pgfsys-common-pdf.def 2020/01/08 v3.1.5b (3.1.5b)
)))
("C:/Users/Jarl/AppData/Local/Programs/MiKTeX 2.9/tex/generic/pgf/systemlayer/p
gfsyssoftpath.code.tex"
File: pgfsyssoftpath.code.tex 2020/01/08 v3.1.5b (3.1.5b)
\pgfsyssoftpath@smallbuffer@items=\count289
\pgfsyssoftpath@bigbuffer@items=\count290
)
("C:/Users/Jarl/AppData/Local/Programs/MiKTeX 2.9/tex/generic/pgf/systemlayer/p
gfsysprotocol.code.tex"
File: pgfsysprotocol.code.tex 2020/01/08 v3.1.5b (3.1.5b)
))
("C:/Users/Jarl/AppData/Local/Programs/MiKTeX 2.9/tex/latex/xcolor/xcolor.sty"
Package: xcolor 2016/05/11 v2.12 LaTeX color extensions (UK)

("C:/Users/Jarl/AppData/Local/Programs/MiKTeX 2.9/tex/latex/graphics-cfg/color.
cfg"
File: color.cfg 2016/01/02 v1.6 sample color configuration
)
Package xcolor Info: Driver file: luatex.def on input line 225.
Package xcolor Info: Model `cmy' substituted by `cmy0' on input line 1348.
Package xcolor Info: Model `hsb' substituted by `rgb' on input line 1352.
Package xcolor Info: Model `RGB' extended on input line 1364.
Package xcolor Info: Model `HTML' substituted by `rgb' on input line 1366.
Package xcolor Info: Model `Hsb' substituted by `hsb' on input line 1367.
Package xcolor Info: Model `tHsb' substituted by `hsb' on input line 1368.
Package xcolor Info: Model `HSB' substituted by `hsb' on input line 1369.
Package xcolor Info: Model `Gray' substituted by `gray' on input line 1370.
Package xcolor Info: Model `wave' substituted by `hsb' on input line 1371.
)
("C:/Users/Jarl/AppData/Local/Programs/MiKTeX 2.9/tex/generic/pgf/basiclayer/pg
fcore.code.tex"
Package: pgfcore 2020/01/08 v3.1.5b (3.1.5b)

("C:/Users/Jarl/AppData/Local/Programs/MiKTeX 2.9/tex/generic/pgf/math/pgfmath.
code.tex"
("C:/Users/Jarl/AppData/Local/Programs/MiKTeX 2.9/tex/generic/pgf/math/pgfmathc
alc.code.tex"
("C:/Users/Jarl/AppData/Local/Programs/MiKTeX 2.9/tex/generic/pgf/math/pgfmathu
til.code.tex")
("C:/Users/Jarl/AppData/Local/Programs/MiKTeX 2.9/tex/generic/pgf/math/pgfmathp
arser.code.tex"
\pgfmath@dimen=\dimen181
\pgfmath@count=\count291
\pgfmath@box=\box58
\pgfmath@toks=\toks30
\pgfmath@stack@operand=\toks31
\pgfmath@stack@operation=\toks32
)
("C:/Users/Jarl/AppData/Local/Programs/MiKTeX 2.9/tex/generic/pgf/math/pgfmathf
unctions.code.tex"
("C:/Users/Jarl/AppData/Local/Programs/MiKTeX 2.9/tex/generic/pgf/math/pgfmathf
unctions.basic.code.tex")
("C:/Users/Jarl/AppData/Local/Programs/MiKTeX 2.9/tex/generic/pgf/math/pgfmathf
unctions.trigonometric.code.tex")
("C:/Users/Jarl/AppData/Local/Programs/MiKTeX 2.9/tex/generic/pgf/math/pgfmathf
unctions.random.code.tex")
("C:/Users/Jarl/AppData/Local/Programs/MiKTeX 2.9/tex/generic/pgf/math/pgfmathf
unctions.comparison.code.tex")
("C:/Users/Jarl/AppData/Local/Programs/MiKTeX 2.9/tex/generic/pgf/math/pgfmathf
unctions.base.code.tex")
("C:/Users/Jarl/AppData/Local/Programs/MiKTeX 2.9/tex/generic/pgf/math/pgfmathf
unctions.round.code.tex")
("C:/Users/Jarl/AppData/Local/Programs/MiKTeX 2.9/tex/generic/pgf/math/pgfmathf
unctions.misc.code.tex")
("C:/Users/Jarl/AppData/Local/Programs/MiKTeX 2.9/tex/generic/pgf/math/pgfmathf
unctions.integerarithmetics.code.tex")))
("C:/Users/Jarl/AppData/Local/Programs/MiKTeX 2.9/tex/generic/pgf/math/pgfmathf
loat.code.tex"
\c@pgfmathroundto@lastzeros=\count292
))
("C:/Users/Jarl/AppData/Local/Programs/MiKTeX 2.9/tex/generic/pgf/math/pgfint.c
ode.tex")
("C:/Users/Jarl/AppData/Local/Programs/MiKTeX 2.9/tex/generic/pgf/basiclayer/pg
fcorepoints.code.tex"
File: pgfcorepoints.code.tex 2020/01/08 v3.1.5b (3.1.5b)
\pgf@picminx=\dimen182
\pgf@picmaxx=\dimen183
\pgf@picminy=\dimen184
\pgf@picmaxy=\dimen185
\pgf@pathminx=\dimen186
\pgf@pathmaxx=\dimen187
\pgf@pathminy=\dimen188
\pgf@pathmaxy=\dimen189
\pgf@xx=\dimen190
\pgf@xy=\dimen191
\pgf@yx=\dimen192
\pgf@yy=\dimen193
\pgf@zx=\dimen194
\pgf@zy=\dimen195
)
("C:/Users/Jarl/AppData/Local/Programs/MiKTeX 2.9/tex/generic/pgf/basiclayer/pg
fcorepathconstruct.code.tex"
File: pgfcorepathconstruct.code.tex 2020/01/08 v3.1.5b (3.1.5b)
\pgf@path@lastx=\dimen196
\pgf@path@lasty=\dimen197
)
("C:/Users/Jarl/AppData/Local/Programs/MiKTeX 2.9/tex/generic/pgf/basiclayer/pg
fcorepathusage.code.tex"
File: pgfcorepathusage.code.tex 2020/01/08 v3.1.5b (3.1.5b)
\pgf@shorten@end@additional=\dimen198
\pgf@shorten@start@additional=\dimen199
)
("C:/Users/Jarl/AppData/Local/Programs/MiKTeX 2.9/tex/generic/pgf/basiclayer/pg
fcorescopes.code.tex"
File: pgfcorescopes.code.tex 2020/01/08 v3.1.5b (3.1.5b)
\pgfpic=\box59
\pgf@hbox=\box60
\pgf@layerbox@main=\box61
\pgf@picture@serial@count=\count293
)
("C:/Users/Jarl/AppData/Local/Programs/MiKTeX 2.9/tex/generic/pgf/basiclayer/pg
fcoregraphicstate.code.tex"
File: pgfcoregraphicstate.code.tex 2020/01/08 v3.1.5b (3.1.5b)
\pgflinewidth=\dimen256
)
("C:/Users/Jarl/AppData/Local/Programs/MiKTeX 2.9/tex/generic/pgf/basiclayer/pg
fcoretransformations.code.tex"
File: pgfcoretransformations.code.tex 2020/01/08 v3.1.5b (3.1.5b)
\pgf@pt@x=\dimen257
\pgf@pt@y=\dimen258
\pgf@pt@temp=\dimen259
)
("C:/Users/Jarl/AppData/Local/Programs/MiKTeX 2.9/tex/generic/pgf/basiclayer/pg
fcorequick.code.tex"
File: pgfcorequick.code.tex 2020/01/08 v3.1.5b (3.1.5b)
)
("C:/Users/Jarl/AppData/Local/Programs/MiKTeX 2.9/tex/generic/pgf/basiclayer/pg
fcoreobjects.code.tex"
File: pgfcoreobjects.code.tex 2020/01/08 v3.1.5b (3.1.5b)
)
("C:/Users/Jarl/AppData/Local/Programs/MiKTeX 2.9/tex/generic/pgf/basiclayer/pg
fcorepathprocessing.code.tex"
File: pgfcorepathprocessing.code.tex 2020/01/08 v3.1.5b (3.1.5b)
)
("C:/Users/Jarl/AppData/Local/Programs/MiKTeX 2.9/tex/generic/pgf/basiclayer/pg
fcorearrows.code.tex"
File: pgfcorearrows.code.tex 2020/01/08 v3.1.5b (3.1.5b)
\pgfarrowsep=\dimen260
)
("C:/Users/Jarl/AppData/Local/Programs/MiKTeX 2.9/tex/generic/pgf/basiclayer/pg
fcoreshade.code.tex"
File: pgfcoreshade.code.tex 2020/01/08 v3.1.5b (3.1.5b)
\pgf@max=\dimen261
\pgf@sys@shading@range@num=\count294
\pgf@shadingcount=\count295
)
("C:/Users/Jarl/AppData/Local/Programs/MiKTeX 2.9/tex/generic/pgf/basiclayer/pg
fcoreimage.code.tex"
File: pgfcoreimage.code.tex 2020/01/08 v3.1.5b (3.1.5b)

("C:/Users/Jarl/AppData/Local/Programs/MiKTeX 2.9/tex/generic/pgf/basiclayer/pg
fcoreexternal.code.tex"
File: pgfcoreexternal.code.tex 2020/01/08 v3.1.5b (3.1.5b)
\pgfexternal@startupbox=\box62
))
("C:/Users/Jarl/AppData/Local/Programs/MiKTeX 2.9/tex/generic/pgf/basiclayer/pg
fcorelayers.code.tex"
File: pgfcorelayers.code.tex 2020/01/08 v3.1.5b (3.1.5b)
)
("C:/Users/Jarl/AppData/Local/Programs/MiKTeX 2.9/tex/generic/pgf/basiclayer/pg
fcoretransparency.code.tex"
File: pgfcoretransparency.code.tex 2020/01/08 v3.1.5b (3.1.5b)
)
("C:/Users/Jarl/AppData/Local/Programs/MiKTeX 2.9/tex/generic/pgf/basiclayer/pg
fcorepatterns.code.tex"
File: pgfcorepatterns.code.tex 2020/01/08 v3.1.5b (3.1.5b)
)
("C:/Users/Jarl/AppData/Local/Programs/MiKTeX 2.9/tex/generic/pgf/basiclayer/pg
fcorerdf.code.tex"
File: pgfcorerdf.code.tex 2020/01/08 v3.1.5b (3.1.5b)
)))
("C:/Users/Jarl/AppData/Local/Programs/MiKTeX 2.9/tex/generic/pgf/modules/pgfmo
duleshapes.code.tex"
File: pgfmoduleshapes.code.tex 2020/01/08 v3.1.5b (3.1.5b)
\pgfnodeparttextbox=\box63
)
("C:/Users/Jarl/AppData/Local/Programs/MiKTeX 2.9/tex/generic/pgf/modules/pgfmo
duleplot.code.tex"
File: pgfmoduleplot.code.tex 2020/01/08 v3.1.5b (3.1.5b)
)
("C:/Users/Jarl/AppData/Local/Programs/MiKTeX 2.9/tex/latex/pgf/compatibility/p
gfcomp-version-0-65.sty"
Package: pgfcomp-version-0-65 2020/01/08 v3.1.5b (3.1.5b)
\pgf@nodesepstart=\dimen262
\pgf@nodesepend=\dimen263
)
("C:/Users/Jarl/AppData/Local/Programs/MiKTeX 2.9/tex/latex/pgf/compatibility/p
gfcomp-version-1-18.sty"
Package: pgfcomp-version-1-18 2020/01/08 v3.1.5b (3.1.5b)
))
("C:/Users/Jarl/AppData/Local/Programs/MiKTeX 2.9/tex/latex/pgf/utilities/pgffo
r.sty"
("C:/Users/Jarl/AppData/Local/Programs/MiKTeX 2.9/tex/latex/pgf/utilities/pgfke
ys.sty"
("C:/Users/Jarl/AppData/Local/Programs/MiKTeX 2.9/tex/generic/pgf/utilities/pgf
keys.code.tex"))
("C:/Users/Jarl/AppData/Local/Programs/MiKTeX 2.9/tex/latex/pgf/math/pgfmath.st
y"
("C:/Users/Jarl/AppData/Local/Programs/MiKTeX 2.9/tex/generic/pgf/math/pgfmath.
code.tex"))
("C:/Users/Jarl/AppData/Local/Programs/MiKTeX 2.9/tex/generic/pgf/utilities/pgf
for.code.tex"
Package: pgffor 2020/01/08 v3.1.5b (3.1.5b)

("C:/Users/Jarl/AppData/Local/Programs/MiKTeX 2.9/tex/generic/pgf/math/pgfmath.
code.tex")
\pgffor@iter=\dimen264
\pgffor@skip=\dimen265
\pgffor@stack=\toks33
\pgffor@toks=\toks34
))
("C:/Users/Jarl/AppData/Local/Programs/MiKTeX 2.9/tex/generic/pgf/frontendlayer
/tikz/tikz.code.tex"
Package: tikz 2020/01/08 v3.1.5b (3.1.5b)

("C:/Users/Jarl/AppData/Local/Programs/MiKTeX 2.9/tex/generic/pgf/libraries/pgf
libraryplothandlers.code.tex"
File: pgflibraryplothandlers.code.tex 2020/01/08 v3.1.5b (3.1.5b)
\pgf@plot@mark@count=\count296
\pgfplotmarksize=\dimen266
)
\tikz@lastx=\dimen267
\tikz@lasty=\dimen268
\tikz@lastxsaved=\dimen269
\tikz@lastysaved=\dimen270
\tikz@lastmovetox=\dimen271
\tikz@lastmovetoy=\dimen272
\tikzleveldistance=\dimen273
\tikzsiblingdistance=\dimen274
\tikz@figbox=\box64
\tikz@figbox@bg=\box65
\tikz@tempbox=\box66
\tikz@tempbox@bg=\box67
\tikztreelevel=\count297
\tikznumberofchildren=\count298
\tikznumberofcurrentchild=\count299
\tikz@fig@count=\count300

("C:/Users/Jarl/AppData/Local/Programs/MiKTeX 2.9/tex/generic/pgf/modules/pgfmo
dulematrix.code.tex"
File: pgfmodulematrix.code.tex 2020/01/08 v3.1.5b (3.1.5b)
\pgfmatrixcurrentrow=\count301
\pgfmatrixcurrentcolumn=\count302
\pgf@matrix@numberofcolumns=\count303
)
\tikz@expandcount=\count304

("C:/Users/Jarl/AppData/Local/Programs/MiKTeX 2.9/tex/generic/pgf/frontendlayer
/tikz/libraries/tikzlibrarytopaths.code.tex"
File: tikzlibrarytopaths.code.tex 2020/01/08 v3.1.5b (3.1.5b)
)))
("C:/Users/Jarl/AppData/Local/Programs/MiKTeX 2.9/tex/latex/circuitikz/circuiti
kz.sty"
Package: circuitikz 2019/12/22{} The CircuiTikz circuit drawing package version 
1.0.0-pre1

("C:/Users/Jarl/AppData/Local/Programs/MiKTeX 2.9/tex/generic/pgf/frontendlayer
/tikz/libraries/tikzlibrarycalc.code.tex"
File: tikzlibrarycalc.code.tex 2020/01/08 v3.1.5b (3.1.5b)
)
("C:/Users/Jarl/AppData/Local/Programs/MiKTeX 2.9/tex/generic/pgf/libraries/pgf
libraryarrows.meta.code.tex"
File: pgflibraryarrows.meta.code.tex 2020/01/08 v3.1.5b (3.1.5b)
\pgfarrowinset=\dimen275
\pgfarrowlength=\dimen276
\pgfarrowwidth=\dimen277
\pgfarrowlinewidth=\dimen278
)
("C:/Users/Jarl/AppData/Local/Programs/MiKTeX 2.9/tex/generic/pgf/frontendlayer
/tikz/libraries/tikzlibrarybending.code.tex"
File: tikzlibrarybending.code.tex 2020/01/08 v3.1.5b (3.1.5b)

("C:/Users/Jarl/AppData/Local/Programs/MiKTeX 2.9/tex/generic/pgf/modules/pgfmo
dulebending.code.tex"
File: pgfmodulebending.code.tex 2020/01/08 v3.1.5b (3.1.5b)

("C:/Users/Jarl/AppData/Local/Programs/MiKTeX 2.9/tex/generic/pgf/modules/pgfmo
dulenonlineartransformations.code.tex"
File: pgfmodulenonlineartransformations.code.tex 2020/01/08 v3.1.5b (3.1.5b)
\pgftransformnonlinearflatness=\dimen279
)
("C:/Users/Jarl/AppData/Local/Programs/MiKTeX 2.9/tex/generic/pgf/libraries/pgf
librarycurvilinear.code.tex"
File: pgflibrarycurvilinear.code.tex 2020/01/08 v3.1.5b (3.1.5b)
\pgf@curvilinear@time@a=\dimen280
\pgf@curvilinear@length@a=\dimen281
\pgf@curvilinear@length@b=\dimen282
\pgf@curvilinear@length@c=\dimen283
\pgf@curvilinear@length@d=\dimen284
)
\pgf@arrows@the@rigidity=\dimen285
))
("C:/Users/Jarl/AppData/Local/Programs/MiKTeX 2.9/tex/generic/circuitikz/pgfcir
c.defines.tex"
\pgf@circ@count@a=\count305
\pgf@circ@count@b=\count306
\pgf@circ@count@c=\count307
\pgf@circ@res@up=\dimen286
\pgf@circ@res@down=\dimen287
\pgf@circ@res@zero=\dimen288
\pgf@circ@res@left=\dimen289
\pgf@circ@res@right=\dimen290
\pgf@circ@res@other=\dimen291
\pgf@circ@res@step=\dimen292
\pgf@circ@res@temp=\dimen293
\pgfstartlinewidth=\dimen294
\pgf@circ@Rlen=\dimen295
\pgf@circ@scaled@Rlen=\dimen296
)
("C:/Users/Jarl/AppData/Local/Programs/MiKTeX 2.9/tex/generic/circuitikz/pgfcir
cutils.tex")
("C:/Users/Jarl/AppData/Local/Programs/MiKTeX 2.9/tex/generic/circuitikz/pgfcir
cshapes.tex")
("C:/Users/Jarl/AppData/Local/Programs/MiKTeX 2.9/tex/generic/circuitikz/pgfcir
cmonopoles.tex")
("C:/Users/Jarl/AppData/Local/Programs/MiKTeX 2.9/tex/generic/circuitikz/pgfcir
cbipoles.tex")
("C:/Users/Jarl/AppData/Local/Programs/MiKTeX 2.9/tex/generic/circuitikz/pgfcir
ctripoles.tex"
\pgf@circ@res@count=\count308
)
("C:/Users/Jarl/AppData/Local/Programs/MiKTeX 2.9/tex/generic/circuitikz/pgfcir
cquadpoles.tex")
("C:/Users/Jarl/AppData/Local/Programs/MiKTeX 2.9/tex/generic/circuitikz/pgfcir
cmultipoles.tex")
("C:/Users/Jarl/AppData/Local/Programs/MiKTeX 2.9/tex/generic/circuitikz/pgfcir
clabel.tex")
("C:/Users/Jarl/AppData/Local/Programs/MiKTeX 2.9/tex/generic/circuitikz/pgfcir
cvoltage.tex")
("C:/Users/Jarl/AppData/Local/Programs/MiKTeX 2.9/tex/generic/circuitikz/pgfcir
ccurrent.tex")
("C:/Users/Jarl/AppData/Local/Programs/MiKTeX 2.9/tex/generic/circuitikz/pgfcir
cflow.tex")
("C:/Users/Jarl/AppData/Local/Programs/MiKTeX 2.9/tex/generic/circuitikz/pgfcir
cpath.tex")
("C:/Users/Jarl/AppData/Local/Programs/MiKTeX 2.9/tex/latex/xstring/xstring.sty
"
("C:/Users/Jarl/AppData/Local/Programs/MiKTeX 2.9/tex/generic/xstring/xstring.t
ex"
\integerpart=\count309
\decimalpart=\count310
)
Package: xstring 2019/02/06 v1.83 String manipulations (CT)
)

Package circuitikz Warning: You did not specify one of the voltage directions:
(circuitikz)                  oldvoltagedirection, nooldvoltagedirection, 
(circuitikz)                  RPvoltages or EFvoltages 
(circuitikz)                Default directions may have changed, 
(circuitikz)                please check the manual.

)
("C:/Users/Jarl/AppData/Local/Programs/MiKTeX 2.9/tex/latex/microtype/microtype
.sty"
Package: microtype 2019/11/18 v2.7d Micro-typographical refinements (RS)
\MT@toks=\toks35
\MT@count=\count311
LaTeX Info: Redefining \textls on input line 790.
\MT@outer@kern=\dimen297
LaTeX Info: Redefining \textmicrotypecontext on input line 1354.
\MT@listname@count=\count312

("C:/Users/Jarl/AppData/Local/Programs/MiKTeX 2.9/tex/latex/microtype/microtype
-luatex.def"
File: microtype-luatex.def 2019/11/18 v2.7d Definitions specific to luatex (RS)
Module microtype Info: overwriting function `keepligature' on input line 59
LaTeX Info: Redefining \lsstyle on input line 695.
LaTeX Info: Redefining \lslig on input line 695.
\MT@outer@space=\skip58
)
Package microtype Info: Loading configuration file microtype.cfg.

("C:/Users/Jarl/AppData/Local/Programs/MiKTeX 2.9/tex/latex/microtype/microtype
.cfg"
File: microtype.cfg 2019/11/18 v2.7d microtype main configuration file (RS)
))
("C:/Users/Jarl/AppData/Local/Programs/MiKTeX 2.9/tex/latex/amsmath/amsmath.sty
"
Package: amsmath 2019/11/16 v2.17d AMS math features
\@mathmargin=\skip59

For additional information on amsmath, use the `?' option.
("C:/Users/Jarl/AppData/Local/Programs/MiKTeX 2.9/tex/latex/amsmath/amsbsy.sty"
Package: amsbsy 1999/11/29 v1.2d Bold Symbols
\pmbraise@=\dimen298
) ("C:/Users/Jarl/AppData/Local/Programs/MiKTeX 2.9/tex/latex/amsmath/amsopn.st
y"
Package: amsopn 2016/03/08 v2.02 operator names
)
\inf@bad=\count313
LaTeX Info: Redefining \frac on input line 227.
\uproot@=\count314
\leftroot@=\count315
LaTeX Info: Redefining \overline on input line 389.
\classnum@=\count316
\DOTSCASE@=\count317
LaTeX Info: Redefining \ldots on input line 486.
LaTeX Info: Redefining \dots on input line 489.
LaTeX Info: Redefining \cdots on input line 610.
\Mathstrutbox@=\box68
\strutbox@=\box69
\big@size=\dimen299
LaTeX Font Info:    Redeclaring font encoding OML on input line 733.
LaTeX Font Info:    Redeclaring font encoding OMS on input line 734.
\macc@depth=\count318
\c@MaxMatrixCols=\count319
\dotsspace@=\muskip16
\c@parentequation=\count320
\dspbrk@lvl=\count321
\tag@help=\toks36
\row@=\count322
\column@=\count323
\maxfields@=\count324
\andhelp@=\toks37
\eqnshift@=\dimen300
\alignsep@=\dimen301
\tagshift@=\dimen302
\tagwidth@=\dimen303
\totwidth@=\dimen304
\lineht@=\dimen305
\@envbody=\toks38
\multlinegap=\skip60
\multlinetaggap=\skip61
\mathdisplay@stack=\toks39
LaTeX Info: Redefining \[ on input line 2858.
LaTeX Info: Redefining \] on input line 2859.
) ("C:/Users/Jarl/AppData/Local/Programs/MiKTeX 2.9/tex/latex/lm/lmodern.sty"
Package: lmodern 2009/10/30 v1.6 Latin Modern Fonts
LaTeX Font Info:    Overwriting symbol font `operators' in version `normal'
(Font)                  OT1/cmr/m/n --> OT1/lmr/m/n on input line 22.
LaTeX Font Info:    Overwriting symbol font `letters' in version `normal'
(Font)                  OML/cmm/m/it --> OML/lmm/m/it on input line 23.
LaTeX Font Info:    Overwriting symbol font `symbols' in version `normal'
(Font)                  OMS/cmsy/m/n --> OMS/lmsy/m/n on input line 24.
LaTeX Font Info:    Overwriting symbol font `largesymbols' in version `normal'
(Font)                  OMX/cmex/m/n --> OMX/lmex/m/n on input line 25.
LaTeX Font Info:    Overwriting symbol font `operators' in version `bold'
(Font)                  OT1/cmr/bx/n --> OT1/lmr/bx/n on input line 26.
LaTeX Font Info:    Overwriting symbol font `letters' in version `bold'
(Font)                  OML/cmm/b/it --> OML/lmm/b/it on input line 27.
LaTeX Font Info:    Overwriting symbol font `symbols' in version `bold'
(Font)                  OMS/cmsy/b/n --> OMS/lmsy/b/n on input line 28.
LaTeX Font Info:    Overwriting symbol font `largesymbols' in version `bold'
(Font)                  OMX/cmex/m/n --> OMX/lmex/m/n on input line 29.
LaTeX Font Info:    Overwriting math alphabet `\mathbf' in version `normal'
(Font)                  OT1/cmr/bx/n --> OT1/lmr/bx/n on input line 31.
LaTeX Font Info:    Overwriting math alphabet `\mathsf' in version `normal'
(Font)                  OT1/cmss/m/n --> OT1/lmss/m/n on input line 32.
LaTeX Font Info:    Overwriting math alphabet `\mathit' in version `normal'
(Font)                  OT1/cmr/m/it --> OT1/lmr/m/it on input line 33.
LaTeX Font Info:    Overwriting math alphabet `\mathtt' in version `normal'
(Font)                  OT1/cmtt/m/n --> OT1/lmtt/m/n on input line 34.
LaTeX Font Info:    Overwriting math alphabet `\mathbf' in version `bold'
(Font)                  OT1/cmr/bx/n --> OT1/lmr/bx/n on input line 35.
LaTeX Font Info:    Overwriting math alphabet `\mathsf' in version `bold'
(Font)                  OT1/cmss/bx/n --> OT1/lmss/bx/n on input line 36.
LaTeX Font Info:    Overwriting math alphabet `\mathit' in version `bold'
(Font)                  OT1/cmr/bx/it --> OT1/lmr/bx/it on input line 37.
LaTeX Font Info:    Overwriting math alphabet `\mathtt' in version `bold'
(Font)                  OT1/cmtt/m/n --> OT1/lmtt/m/n on input line 38.
)
\c@myproblems=\count325

("C:/Users/Jarl/AppData/Local/Programs/MiKTeX 2.9/tex/latex/hyperref/hyperref.s
ty"
Package: hyperref 2019/11/10 v7.00c Hypertext links for LaTeX

("C:/Users/Jarl/AppData/Local/Programs/MiKTeX 2.9/tex/generic/ltxcmds/ltxcmds.s
ty"
Package: ltxcmds 2019/12/15 v1.24 LaTeX kernel commands for general use (HO)
)
("C:/Users/Jarl/AppData/Local/Programs/MiKTeX 2.9/tex/latex/pdftexcmds/pdftexcm
ds.sty"
Package: pdftexcmds 2019/11/24 v0.31 Utility functions of pdfTeX for LuaTeX (HO)


("C:/Users/Jarl/AppData/Local/Programs/MiKTeX 2.9/tex/generic/infwarerr/infware
rr.sty"
Package: infwarerr 2019/12/03 v1.5 Providing info/warning/error messages (HO)
)
Package pdftexcmds Info: \pdf@primitive is available.
Package pdftexcmds Info: \pdf@ifprimitive is available.
Package pdftexcmds Info: \pdfdraftmode found.
\pdftexcmds@toks=\toks40
)
("C:/Users/Jarl/AppData/Local/Programs/MiKTeX 2.9/tex/generic/kvsetkeys/kvsetke
ys.sty"
Package: kvsetkeys 2019/12/15 v1.18 Key value parser (HO)
)
("C:/Users/Jarl/AppData/Local/Programs/MiKTeX 2.9/tex/generic/kvdefinekeys/kvde
finekeys.sty"
Package: kvdefinekeys 2019-12-19 v1.6 Define keys (HO)
)
("C:/Users/Jarl/AppData/Local/Programs/MiKTeX 2.9/tex/generic/pdfescape/pdfesca
pe.sty"
Package: pdfescape 2019/12/09 v1.15 Implements pdfTeX's escape features (HO)
)
("C:/Users/Jarl/AppData/Local/Programs/MiKTeX 2.9/tex/latex/hycolor/hycolor.sty
"
Package: hycolor 2019/12/15 v1.9 Color options for hyperref/bookmark (HO)

("C:/Users/Jarl/AppData/Local/Programs/MiKTeX 2.9/tex/latex/hycolor/xcolor-patc
h.sty"
Package: xcolor-patch 2019/12/15 xcolor patch

("C:/Users/Jarl/AppData/Local/Programs/MiKTeX 2.9/tex/latex/oberdiek/hopatch.st
y"
Package: hopatch 2016/05/16 v1.3 Wrapper for package hooks (HO)
)))
("C:/Users/Jarl/AppData/Local/Programs/MiKTeX 2.9/tex/latex/letltxmacro/letltxm
acro.sty"
Package: letltxmacro 2019/12/03 v1.6 Let assignment for LaTeX macros (HO)
)
("C:/Users/Jarl/AppData/Local/Programs/MiKTeX 2.9/tex/latex/auxhook/auxhook.sty
"
Package: auxhook 2019-12-17 v1.6 Hooks for auxiliary files (HO)
)
("C:/Users/Jarl/AppData/Local/Programs/MiKTeX 2.9/tex/latex/kvoptions/kvoptions
.sty"
Package: kvoptions 2019/11/29 v3.13 Key value format for package options (HO)
)
\@linkdim=\dimen306
\Hy@linkcounter=\count326
\Hy@pagecounter=\count327

("C:/Users/Jarl/AppData/Local/Programs/MiKTeX 2.9/tex/latex/hyperref/pd1enc.def
"
File: pd1enc.def 2019/11/10 v7.00c Hyperref: PDFDocEncoding definition (HO)
)
("C:/Users/Jarl/AppData/Local/Programs/MiKTeX 2.9/tex/generic/intcalc/intcalc.s
ty"
Package: intcalc 2019/12/15 v1.3 Expandable calculations with integers (HO)
)
("C:/Users/Jarl/AppData/Local/Programs/MiKTeX 2.9/tex/generic/etexcmds/etexcmds
.sty"
Package: etexcmds 2019/12/15 v1.7 Avoid name clashes with e-TeX commands (HO)
)
\Hy@SavedSpaceFactor=\count328

("C:/Users/Jarl/AppData/Local/Programs/MiKTeX 2.9/tex/latex/00miktex/hyperref.c
fg"
File: hyperref.cfg 2002/06/06 v1.2 hyperref configuration of TeXLive
)
Package hyperref Info: Hyper figures OFF on input line 4535.
Package hyperref Info: Link nesting OFF on input line 4540.
Package hyperref Info: Hyper index ON on input line 4543.
Package hyperref Info: Plain pages OFF on input line 4550.
Package hyperref Info: Backreferencing OFF on input line 4555.
Package hyperref Info: Implicit mode ON; LaTeX internals redefined.
Package hyperref Info: Bookmarks ON on input line 4788.
\c@Hy@tempcnt=\count329
 ("C:/Users/Jarl/AppData/Local/Programs/MiKTeX 2.9/tex/latex/url/url.sty"
\Urlmuskip=\muskip17
Package: url 2013/09/16  ver 3.4  Verb mode for urls, etc.
)
LaTeX Info: Redefining \url on input line 5147.
\XeTeXLinkMargin=\dimen307

("C:/Users/Jarl/AppData/Local/Programs/MiKTeX 2.9/tex/generic/bitset/bitset.sty
"
Package: bitset 2019/12/09 v1.3 Handle bit-vector datatype (HO)

("C:/Users/Jarl/AppData/Local/Programs/MiKTeX 2.9/tex/generic/bigintcalc/bigint
calc.sty"
Package: bigintcalc 2019/12/15 v1.5 Expandable calculations on big integers (HO)

))
\Fld@menulength=\count330
\Field@Width=\dimen308
\Fld@charsize=\dimen309
Package hyperref Info: Hyper figures OFF on input line 6418.
Package hyperref Info: Link nesting OFF on input line 6423.
Package hyperref Info: Hyper index ON on input line 6426.
Package hyperref Info: backreferencing OFF on input line 6433.
Package hyperref Info: Link coloring OFF on input line 6438.
Package hyperref Info: Link coloring with OCG OFF on input line 6443.
Package hyperref Info: PDF/A mode OFF on input line 6448.
LaTeX Info: Redefining \ref on input line 6488.
LaTeX Info: Redefining \pageref on input line 6492.

("C:/Users/Jarl/AppData/Local/Programs/MiKTeX 2.9/tex/generic/atbegshi/atbegshi
.sty"
Package: atbegshi 2019/12/05 v1.19 At begin shipout hook (HO)
)
\Hy@abspage=\count331
\c@Item=\count332
\c@Hfootnote=\count333
)
Package hyperref Info: Driver (autodetected): hluatex.

("C:/Users/Jarl/AppData/Local/Programs/MiKTeX 2.9/tex/latex/hyperref/hluatex.de
f"
File: hluatex.def 2019/11/10 v7.00c Hyperref driver for luaTeX

("C:/Users/Jarl/AppData/Local/Programs/MiKTeX 2.9/tex/latex/hyperref/puenc.def"
File: puenc.def 2019/11/10 v7.00c Hyperref: PDF Unicode definition (HO)
)
("C:/Users/Jarl/AppData/Local/Programs/MiKTeX 2.9/tex/generic/stringenc/stringe
nc.sty"
Package: stringenc 2019/11/29 v1.12 Convert strings between diff. encodings (HO)

)
("C:/Users/Jarl/AppData/Local/Programs/MiKTeX 2.9/tex/latex/atveryend/atveryend
.sty"
Package: atveryend 2019-12-11 v1.11 Hooks at the very end of document (HO)
)
\Fld@listcount=\count334
\c@bookmark@seq@number=\count335

("C:/Users/Jarl/AppData/Local/Programs/MiKTeX 2.9/tex/latex/rerunfilecheck/reru
nfilecheck.sty"
Package: rerunfilecheck 2019/12/05 v1.9 Rerun checks for auxiliary files (HO)

("C:/Users/Jarl/AppData/Local/Programs/MiKTeX 2.9/tex/generic/uniquecounter/uni
quecounter.sty"
Package: uniquecounter 2019/12/15 v1.4 Provide unlimited unique counter (HO)
)
Package uniquecounter Info: New unique counter `rerunfilecheck' on input line 28
6.
)
\Hy@SectionHShift=\skip62
))
("C:/Users/Jarl/AppData/Local/Programs/MiKTeX 2.9/tex/latex/blindtext/blindtext
.sty"
Package: blindtext 2012/01/06 V2.0 blindtext-Package

("C:/Users/Jarl/AppData/Local/Programs/MiKTeX 2.9/tex/latex/tools/xspace.sty"
Package: xspace 2014/10/28 v1.13 Space after command names (DPC,MH)
)
\c@blindtext=\count336
\c@Blindtext=\count337
\c@blind@countparstart=\count338
\blind@countxx=\count339
\blindtext@numBlindtext=\count340
\blind@countyy=\count341
\c@blindlist=\count342
\c@blindlistlevel=\count343
\c@blindlist@level=\count344
\blind@listitem=\count345
\c@blind@listcount=\count346
\c@blind@levelcount=\count347
\blind@mathformula=\count348
\blind@Mathformula=\count349
\c@blind@randomcount=\count350
\c@blind@randommax=\count351
\c@blind@pangramcount=\count352
\c@blind@pangrammax=\count353
)
Package csquotes Info: Checking for multilingual support...
Package csquotes Info: ... found 'polyglossia' package.
Package csquotes Info: Adjusting default style.
Package csquotes Info: Redefining alias 'default' -> 'estonian'.
(./Calculus.aux)
\openout1 = Calculus.aux

LaTeX Font Info:    Checking defaults for OML/cmm/m/it on input line 5.
LaTeX Font Info:    ... okay on input line 5.
LaTeX Font Info:    Checking defaults for T1/cmr/m/n on input line 5.
LaTeX Font Info:    ... okay on input line 5.
LaTeX Font Info:    Checking defaults for OT1/cmr/m/n on input line 5.
LaTeX Font Info:    ... okay on input line 5.
LaTeX Font Info:    Checking defaults for OMS/cmsy/m/n on input line 5.
LaTeX Font Info:    ... okay on input line 5.
LaTeX Font Info:    Checking defaults for TU/lmr/m/n on input line 5.
LaTeX Font Info:    ... okay on input line 5.
LaTeX Font Info:    Checking defaults for OMX/cmex/m/n on input line 5.
LaTeX Font Info:    ... okay on input line 5.
LaTeX Font Info:    Checking defaults for U/cmr/m/n on input line 5.
LaTeX Font Info:    ... okay on input line 5.
LaTeX Font Info:    Checking defaults for PD1/pdf/m/n on input line 5.
LaTeX Font Info:    ... okay on input line 5.
LaTeX Font Info:    Checking defaults for PU/pdf/m/n on input line 5.
LaTeX Font Info:    ... okay on input line 5.

*geometry* driver: auto-detecting
*geometry* detected driver: luatex
*geometry* verbose mode - [ preamble ] result:
* driver: luatex
* paper: a4paper
* layout: <same size as paper>
* layoutoffset:(h,v)=(0.0pt,0.0pt)
* modes: 
* h-part:(L,W,R)=(14.22636pt, 569.05515pt, 14.22636pt)
* v-part:(T,H,B)=(14.22636pt, 802.36774pt, 28.45274pt)
* \paperwidth=597.50787pt
* \paperheight=845.04684pt
* \textwidth=569.05515pt
* \textheight=802.36774pt
* \oddsidemargin=-58.04362pt
* \evensidemargin=-58.04362pt
* \topmargin=-95.04362pt
* \headheight=12.0pt
* \headsep=25.0pt
* \topskip=11.0pt
* \footskip=14.22636pt
* \marginparwidth=4.0pt
* \marginparsep=10.0pt
* \columnsep=10.0pt
* \skip\footins=10.0pt plus 4.0pt minus 2.0pt
* \hoffset=0.0pt
* \voffset=0.0pt
* \mag=1000
* \@twocolumntrue
* \@twosidefalse
* \@mparswitchfalse
* \@reversemarginfalse
* (1in=72.27pt=25.4mm, 1cm=28.453pt)


("C:/Users/Jarl/AppData/Local/Programs/MiKTeX 2.9/tex/context/base/mkii/supp-pd
f.mkii"
[Loading MPS to PDF converter (version 2006.09.02).]
\scratchcounter=\count354
\scratchdimen=\dimen310
\scratchbox=\box70
\nofMPsegments=\count355
\nofMParguments=\count356
\everyMPshowfont=\toks41
\MPscratchCnt=\count357
\MPscratchDim=\dimen311
\MPnumerator=\count358
\makeMPintoPDFobject=\count359
\everyMPtoPDFconversion=\toks42
)
("C:/Users/Jarl/AppData/Local/Programs/MiKTeX 2.9/tex/latex/epstopdf-pkg/epstop
df-base.sty"
Package: epstopdf-base 2019-12-09 v2.10 Base part for package epstopdf
Package epstopdf-base Info: Redefining graphics rule for `.eps' on input line 48
5.
)
("C:/Users/Jarl/AppData/Local/Programs/MiKTeX 2.9/tex/latex/translator/translat
or-basic-dictionary-English.dict"
Dictionary: translator-basic-dictionary, Language: English 
)
("C:/Users/Jarl/AppData/Local/Programs/MiKTeX 2.9/tex/latex/siunitx/siunitx-abb
reviations.cfg"
File: siunitx-abbreviations.cfg 2017/11/26 v2.7k siunitx: Abbreviated units
) ABD: EveryShipout initializing macros
LaTeX Info: Redefining \microtypecontext on input line 5.
Package microtype Info: Generating PDF output.
Package microtype Info: Character protrusion enabled (level 2).
Package microtype Info: Using default protrusion set `alltext'.
Package microtype Info: Automatic font expansion enabled (level 2),
(microtype)             stretch: 20, shrink: 20, step: 1, non-selected.
Package microtype Info: Using default expansion set `basictext'.
LaTeX Info: Redefining \showhyphens on input line 5.
Package microtype Info: No adjustment of tracking.
Package microtype Info: No adjustment of spacing.
Package microtype Info: No adjustment of kerning.

("C:/Users/Jarl/AppData/Local/Programs/MiKTeX 2.9/tex/latex/microtype/mt-LatinM
odernRoman.cfg"
File: mt-LatinModernRoman.cfg 2013/03/13 v1.0 microtype config. file: Latin Mode
rn Roman (RS)
)
\AtBeginShipoutBox=\box71
Package hyperref Info: Link coloring OFF on input line 5.

("C:/Users/Jarl/AppData/Local/Programs/MiKTeX 2.9/tex/latex/hyperref/nameref.st
y"
Package: nameref 2019/09/16 v2.46 Cross-referencing by name of section

("C:/Users/Jarl/AppData/Local/Programs/MiKTeX 2.9/tex/latex/refcount/refcount.s
ty"
Package: refcount 2019/12/15 v3.6 Data extraction from label references (HO)
)
("C:/Users/Jarl/AppData/Local/Programs/MiKTeX 2.9/tex/generic/gettitlestring/ge
ttitlestring.sty"
Package: gettitlestring 2019/12/15 v1.6 Cleanup title references (HO)
)
\c@section@level=\count360
)
LaTeX Info: Redefining \ref on input line 5.
LaTeX Info: Redefining \pageref on input line 5.
LaTeX Info: Redefining \nameref on input line 5.
 (./Calculus.out) (./Calculus.out)
\@outlinefile=\write4

\openout4 = Calculus.out
LaTeX Font Info:    Trying to load font information for OT1+lmr on input line 5.


("C:/Users/Jarl/AppData/Local/Programs/MiKTeX 2.9/tex/latex/lm/ot1lmr.fd"
File: ot1lmr.fd 2009/10/30 v1.6 Font defs for Latin Modern
)
Package microtype Info: Loading generic protrusion settings for font family
(microtype)             `lmr' (encoding: OT1).
(microtype)             For optimal results, create family-specific settings.
(microtype)             See the microtype manual for details.
LaTeX Font Info:    Trying to load font information for OML+lmm on input line 5.


("C:/Users/Jarl/AppData/Local/Programs/MiKTeX 2.9/tex/latex/lm/omllmm.fd"
File: omllmm.fd 2009/10/30 v1.6 Font defs for Latin Modern
)
LaTeX Font Info:    Trying to load font information for OMS+lmsy on input line 5
.

("C:/Users/Jarl/AppData/Local/Programs/MiKTeX 2.9/tex/latex/lm/omslmsy.fd"
File: omslmsy.fd 2009/10/30 v1.6 Font defs for Latin Modern
)
LaTeX Font Info:    Trying to load font information for OMX+lmex on input line 5
.

("C:/Users/Jarl/AppData/Local/Programs/MiKTeX 2.9/tex/latex/lm/omxlmex.fd"
File: omxlmex.fd 2009/10/30 v1.6 Font defs for Latin Modern
)
LaTeX Font Info:    External font `lmex10' loaded for size
(Font)              <10.95> on input line 5.
LaTeX Font Info:    External font `lmex10' loaded for size
(Font)              <8> on input line 5.
LaTeX Font Info:    External font `lmex10' loaded for size
(Font)              <6> on input line 5.
LaTeX Font Info:    Trying to load font information for OT1+lmss on input line 5
.

("C:/Users/Jarl/AppData/Local/Programs/MiKTeX 2.9/tex/latex/lm/ot1lmss.fd"
File: ot1lmss.fd 2009/10/30 v1.6 Font defs for Latin Modern
)
Package microtype Info: Loading generic protrusion settings for font family
(microtype)             `lmss' (encoding: OT1).
(microtype)             For optimal results, create family-specific settings.
(microtype)             See the microtype manual for details.
LaTeX Font Info:    Trying to load font information for OT1+lmtt on input line 5
.

("C:/Users/Jarl/AppData/Local/Programs/MiKTeX 2.9/tex/latex/lm/ot1lmtt.fd"
File: ot1lmtt.fd 2009/10/30 v1.6 Font defs for Latin Modern
)
Package microtype Info: Loading generic protrusion settings for font family
(microtype)             `lmtt' (encoding: OT1).
(microtype)             For optimal results, create family-specific settings.
(microtype)             See the microtype manual for details.

Overfull \hbox (25.15306pt too wide) detected at line 55
 []$[]  \OML/lmm/m/it/10.95 f[]\OT1/lmr/m/n/10.95 (\OML/lmm/m/it/10.95 x\OT1/lm
r/m/n/10.95 ) = [] = [] =$ 
 []


Overfull \hbox (66.44453pt too wide) detected at line 76
 []$[]   \OT1/lmr/m/n/10.95 = [] =$ 
 []


Overfull \hbox (4.19589pt too wide) detected at line 76
 []$[] \OT1/lmr/m/n/10.95 = [] + [] =$ 
 []

[1

{C:/Users/Jarl/AppData/Local/MiKTeX/2.9/pdftex/config/pdftex.map}]
The property list \polyglossia@langsetup contains the pairs (without outer
braces):
>  {latex/script}  =>  {latin}
>  {latex/lcscript}  =>  {latin}
>  {latex/scripttag}  =>  {}
>  {latex/language}  =>  {Latex}
>  {latex/langtag}  =>  {ENG}
>  {latex/hyphennames}  =>  {english}
>  {latex/direction}  =>  {LR}
>  {latex/hyphenmins}  =>  {2,3}
>  {latex/frenchspacing}  =>  {false}
>  {latex/indentfirst}  =>  {false}
>  {latex/fontsetup}  =>  {true}
>  {latex/envname}  =>  {latex}
>  {latex/babelname}  =>  {latex}
>  {latex/localnumeral}  =>  {polyglossia@C@localnumeral}
>  {latex/Localnumeral}  =>  {polyglossia@C@localnumeral}
>  {estonian/script}  =>  {latin}
>  {estonian/lcscript}  =>  {latin}
>  {estonian/scripttag}  =>  {}
>  {estonian/language}  =>  {Estonian}
>  {estonian/langtag}  =>  {ETI}
>  {estonian/hyphennames}  =>  {estonian}
>  {estonian/direction}  =>  {LR}
>  {estonian/hyphenmins}  =>  {2,2}
>  {estonian/frenchspacing}  =>  {true}
>  {estonian/indentfirst}  =>  {false}
>  {estonian/fontsetup}  =>  {true}
>  {estonian/envname}  =>  {estonian}
>  {estonian/babelname}  =>  {estonian}
>  {estonian/localnumeral}  =>  {polyglossia@C@localnumeral}
>  {estonian/Localnumeral}  =>  {polyglossia@C@localnumeral}.
 [2

]
Package atveryend Info: Empty hook `BeforeClearDocument' on input line 142.
Package atveryend Info: Empty hook `AfterLastShipout' on input line 142.

(./Calculus.aux)
Package atveryend Info: Executing hook `AtVeryEndDocument' on input line 142.
Package atveryend Info: Executing hook `AtEndAfterFileList' on input line 142.
Package rerunfilecheck Info: File `Calculus.out' has not changed.
(rerunfilecheck)             Checksum: 3E20EA8C3A22E07FC61E515293BB380E;1086.
)

Here is how much of LuaTeX's memory you used:
 49514 strings out of 493864
 125171,1648299 words of node,token memory allocated
 595 words of node memory still in use:
   6 hlist, 2 vlist, 2 rule, 2 glue, 4 kern, 1 glyph, 23 attribute, 60 glue_spec
, 23 attribute_list, 2 write nodes
   avail lists: 1:2,2:615,3:217,4:52,5:390,6:30,7:4650,8:69,9:748,10:15,11:447
 53023 multiletter control sequences out of 65536+200000
 49 fonts using 7782855 bytes
 69i,8n,77p,849b,803s stack positions out of 5000i,500n,10000p,200000b,50000s
{C:/Users/Jarl/AppData/Local/Programs/MiKTeX 2.9/fonts/enc/dvips/lm/lm-mathsy.en
c}{C:/Users/Jarl/AppData/Local/Programs/MiKTeX 2.9/fonts/enc/dvips/lm/lm-mathit.
enc}{C:/Users/Jarl/AppData/Local/Programs/MiKTeX 2.9/fonts/enc/dvips/lm/lm-rm.en
c}<c:/users/jarl/appdata/local/programs/miktex 2.9/fonts/opentype/public/lm/lmro
man10-regular.otf><c:/users/jarl/appdata/local/programs/miktex 2.9/fonts/opentyp
e/public/lm/lmroman12-bold.otf><C:/Users/Jarl/AppData/Local/Programs/MiKTeX 2.9/
fonts/type1/public/lm/lmmi10.pfb><C:/Users/Jarl/AppData/Local/Programs/MiKTeX 2.
9/fonts/type1/public/lm/lmmi8.pfb><C:/Users/Jarl/AppData/Local/Programs/MiKTeX 2
.9/fonts/type1/public/lm/lmr10.pfb><C:/Users/Jarl/AppData/Local/Programs/MiKTeX 
2.9/fonts/type1/public/lm/lmr8.pfb><C:/Users/Jarl/AppData/Local/Programs/MiKTeX 
2.9/fonts/type1/public/lm/lmsy10.pfb><C:/Users/Jarl/AppData/Local/Programs/MiKTe
X 2.9/fonts/type1/public/lm/lmsy8.pfb>
Output written on Calculus.pdf (2 pages, 100439 bytes).

PDF statistics: 92 PDF objects out of 1000 (max. 8388607)
 11 named destinations out of 1000 (max. 131072)
 80 words of extra memory for PDF output out of 10000 (max. 100000000)

